Determining if the pthread_create exist failed with the following output:
Change Dir: /home/margot/dz_2/build/CMakeFiles/CMakeTmp

Run Build Command:"/usr/bin/make" "cmTC_e7acd/fast"
/usr/bin/make -f CMakeFiles/cmTC_e7acd.dir/build.make CMakeFiles/cmTC_e7acd.dir/build
make[1]: Entering directory '/home/margot/dz_2/build/CMakeFiles/CMakeTmp'
Building C object CMakeFiles/cmTC_e7acd.dir/CheckSymbolExists.c.o
/usr/bin/cc   -std=gnu99 -o CMakeFiles/cmTC_e7acd.dir/CheckSymbolExists.c.o   -c /home/margot/dz_2/build/CMakeFiles/CMakeTmp/CheckSymbolExists.c
Linking C executable cmTC_e7acd
/usr/bin/cmake -E cmake_link_script CMakeFiles/cmTC_e7acd.dir/link.txt --verbose=1
/usr/bin/cc      CMakeFiles/cmTC_e7acd.dir/CheckSymbolExists.c.o  -o cmTC_e7acd 
/usr/bin/ld: CMakeFiles/cmTC_e7acd.dir/CheckSymbolExists.c.o: in function `main':
CheckSymbolExists.c:(.text+0x1f): undefined reference to `pthread_create'
collect2: error: ld returned 1 exit status
make[1]: *** [CMakeFiles/cmTC_e7acd.dir/build.make:87: cmTC_e7acd] Error 1
make[1]: Leaving directory '/home/margot/dz_2/build/CMakeFiles/CMakeTmp'
make: *** [Makefile:121: cmTC_e7acd/fast] Error 2

File /home/margot/dz_2/build/CMakeFiles/CMakeTmp/CheckSymbolExists.c:
/* */
#include <pthread.h>

int main(int argc, char** argv)
{
  (void)argv;
#ifndef pthread_create
  return ((int*)(&pthread_create))[argc];
#else
  (void)argc;
  return 0;
#endif
}

Determining if the function pthread_create exists in the pthreads failed with the following output:
Change Dir: /home/margot/dz_2/build/CMakeFiles/CMakeTmp

Run Build Command:"/usr/bin/make" "cmTC_7c108/fast"
/usr/bin/make -f CMakeFiles/cmTC_7c108.dir/build.make CMakeFiles/cmTC_7c108.dir/build
make[1]: Entering directory '/home/margot/dz_2/build/CMakeFiles/CMakeTmp'
Building C object CMakeFiles/cmTC_7c108.dir/CheckFunctionExists.c.o
/usr/bin/cc   -DCHECK_FUNCTION_EXISTS=pthread_create   -std=gnu99 -o CMakeFiles/cmTC_7c108.dir/CheckFunctionExists.c.o   -c /usr/share/cmake-3.13/Modules/CheckFunctionExists.c
Linking C executable cmTC_7c108
/usr/bin/cmake -E cmake_link_script CMakeFiles/cmTC_7c108.dir/link.txt --verbose=1
/usr/bin/cc  -DCHECK_FUNCTION_EXISTS=pthread_create    CMakeFiles/cmTC_7c108.dir/CheckFunctionExists.c.o  -o cmTC_7c108 -lpthreads 
/usr/bin/ld: cannot find -lpthreads
collect2: error: ld returned 1 exit status
make[1]: *** [CMakeFiles/cmTC_7c108.dir/build.make:87: cmTC_7c108] Error 1
make[1]: Leaving directory '/home/margot/dz_2/build/CMakeFiles/CMakeTmp'
make: *** [Makefile:121: cmTC_7c108/fast] Error 2


